<?xml version="1.0" encoding="UTF-8"?>
<testng-results skipped="0" failed="1" ignored="0" total="2" passed="1">
  <reporter-output>
  </reporter-output>
  <suite name="Default suite" duration-ms="28372" started-at="2023-03-13T10:28:19 IST" finished-at="2023-03-13T10:28:47 IST">
    <groups>
    </groups>
    <test name="Default test" duration-ms="28372" started-at="2023-03-13T10:28:19 IST" finished-at="2023-03-13T10:28:47 IST">
      <class name="FilterTagsTest">
        <test-method status="PASS" signature="beforeMethod()[pri:0, instance:FilterTagsTest@5ed828d]" name="beforeMethod" is-config="true" duration-ms="5516" started-at="2023-03-13T10:28:19 IST" finished-at="2023-03-13T10:28:24 IST">
          <reporter-output>
          </reporter-output>
        </test-method> <!-- beforeMethod -->
        <test-method status="PASS" signature="FilterTagTest()[pri:0, instance:FilterTagsTest@5ed828d]" name="FilterTagTest" duration-ms="12737" started-at="2023-03-13T10:28:24 IST" finished-at="2023-03-13T10:28:37 IST">
          <reporter-output>
          </reporter-output>
        </test-method> <!-- FilterTagTest -->
        <test-method status="PASS" signature="afterMethod()[pri:0, instance:FilterTagsTest@5ed828d]" name="afterMethod" is-config="true" duration-ms="637" started-at="2023-03-13T10:28:37 IST" finished-at="2023-03-13T10:28:37 IST">
          <reporter-output>
          </reporter-output>
        </test-method> <!-- afterMethod -->
        <test-method status="PASS" signature="beforeMethod()[pri:0, instance:FilterTagsTest@5ed828d]" name="beforeMethod" is-config="true" duration-ms="3324" started-at="2023-03-13T10:28:37 IST" finished-at="2023-03-13T10:28:41 IST">
          <reporter-output>
          </reporter-output>
        </test-method> <!-- beforeMethod -->
        <test-method status="FAIL" signature="pageLoadAndFirstSearchText()[pri:0, instance:FilterTagsTest@5ed828d]" name="pageLoadAndFirstSearchText" duration-ms="5497" started-at="2023-03-13T10:28:41 IST" finished-at="2023-03-13T10:28:46 IST">
          <exception class="java.lang.AssertionError">
            <message>
              <![CDATA[searchText is not Matching expected [true] but found [false]]]>
            </message>
            <full-stacktrace>
              <![CDATA[java.lang.AssertionError: searchText is not Matching expected [true] but found [false]
at org.testng.Assert.fail(Assert.java:99)
at org.testng.Assert.failNotEquals(Assert.java:1037)
at org.testng.Assert.assertTrue(Assert.java:45)
at FilterTagsTest.pageLoadAndFirstSearchText(FilterTagsTest.java:63)
at sun.reflect.NativeMethodAccessorImpl.invoke0(Native Method)
at sun.reflect.NativeMethodAccessorImpl.invoke(Unknown Source)
at sun.reflect.DelegatingMethodAccessorImpl.invoke(Unknown Source)
at java.lang.reflect.Method.invoke(Unknown Source)
at org.testng.internal.MethodInvocationHelper.invokeMethod(MethodInvocationHelper.java:133)
at org.testng.internal.TestInvoker.invokeMethod(TestInvoker.java:598)
at org.testng.internal.TestInvoker.invokeTestMethod(TestInvoker.java:173)
at org.testng.internal.MethodRunner.runInSequence(MethodRunner.java:46)
at org.testng.internal.TestInvoker$MethodInvocationAgent.invoke(TestInvoker.java:824)
at org.testng.internal.TestInvoker.invokeTestMethods(TestInvoker.java:146)
at org.testng.internal.TestMethodWorker.invokeTestMethods(TestMethodWorker.java:146)
at org.testng.internal.TestMethodWorker.run(TestMethodWorker.java:128)
at java.util.ArrayList.forEach(Unknown Source)
at org.testng.TestRunner.privateRun(TestRunner.java:794)
at org.testng.TestRunner.run(TestRunner.java:596)
at org.testng.SuiteRunner.runTest(SuiteRunner.java:377)
at org.testng.SuiteRunner.runSequentially(SuiteRunner.java:371)
at org.testng.SuiteRunner.privateRun(SuiteRunner.java:332)
at org.testng.SuiteRunner.run(SuiteRunner.java:276)
at org.testng.SuiteRunnerWorker.runSuite(SuiteRunnerWorker.java:53)
at org.testng.SuiteRunnerWorker.run(SuiteRunnerWorker.java:96)
at org.testng.TestNG.runSuitesSequentially(TestNG.java:1212)
at org.testng.TestNG.runSuitesLocally(TestNG.java:1134)
at org.testng.TestNG.runSuites(TestNG.java:1063)
at org.testng.TestNG.run(TestNG.java:1031)
at org.testng.remote.AbstractRemoteTestNG.run(AbstractRemoteTestNG.java:115)
at org.testng.remote.RemoteTestNG.initAndRun(RemoteTestNG.java:251)
at org.testng.remote.RemoteTestNG.main(RemoteTestNG.java:77)
]]>
            </full-stacktrace>
          </exception> <!-- java.lang.AssertionError -->
          <reporter-output>
          </reporter-output>
        </test-method> <!-- pageLoadAndFirstSearchText -->
        <test-method status="PASS" signature="afterMethod()[pri:0, instance:FilterTagsTest@5ed828d]" name="afterMethod" is-config="true" duration-ms="627" started-at="2023-03-13T10:28:46 IST" finished-at="2023-03-13T10:28:47 IST">
          <reporter-output>
          </reporter-output>
        </test-method> <!-- afterMethod -->
      </class> <!-- FilterTagsTest -->
    </test> <!-- Default test -->
  </suite> <!-- Default suite -->
</testng-results>
